<?xml version="1.0" encoding="UTF-8"?>
<!-- Generated by org.testng.reporters.JUnitXMLReporter -->
<testsuite ignored="0" hostname="LAPTOP-CQ86O74I" failures="0" tests="4" name="Default test" time="7.418" errors="0" timestamp="2023-02-15T14:23:40 IST">
  <testcase classname="test.LoginTest" name="verifyBuildTitleName" time="0.014"/>
  <testcase classname="test.LoginTest" name="verifyTitleOfLoginPage" time="0.833"/>
  <testcase classname="test.LoginTest" name="verifyCurrentUrlOfPage" time="0.008"/>
  <testcase classname="test.LoginTest" name="verifyLoginWithCorrectCredentials" time="2.181"/>
</testsuite> <!-- Default test -->
